INFO: [VRFC 10-2263] Analyzing Verilog file "D:/Summer_Practice_2024/SPI-Protocol/SPI/SPI.srcs/sources_1/new/SPI.v" into library xil_defaultlib
INFO: [VRFC 10-311] analyzing module SPI
INFO: [VRFC 10-2263] Analyzing Verilog file "D:/Summer_Practice_2024/SPI-Protocol/SPI_MASTER/SPI_MASTER.srcs/sources_1/new/SPI_Master.v" into library xil_defaultlib
INFO: [VRFC 10-311] analyzing module SPI_Master
INFO: [VRFC 10-2263] Analyzing Verilog file "D:/Summer_Practice_2024/SPI-Protocol/SPI_MASTER/SPI_MASTER.srcs/sources_1/new/SPI_Master_Modules.v" into library xil_defaultlib
INFO: [VRFC 10-311] analyzing module freq_divider
INFO: [VRFC 10-311] analyzing module counter
INFO: [VRFC 10-311] analyzing module shift_register
INFO: [VRFC 10-311] analyzing module buffer
INFO: [VRFC 10-311] analyzing module fsm_master
INFO: [VRFC 10-2263] Analyzing Verilog file "D:/Summer_Practice_2024/SPI-Protocol/SPI_SLAVE/SPI_SLAVE.srcs/sources_1/new/SPI_Slave.v" into library xil_defaultlib
INFO: [VRFC 10-311] analyzing module SPI_Slave
INFO: [VRFC 10-2263] Analyzing Verilog file "D:/Summer_Practice_2024/SPI-Protocol/SPI_SLAVE/SPI_SLAVE.srcs/sources_1/new/SPI_Slave_Modules.v" into library xil_defaultlib
INFO: [VRFC 10-311] analyzing module counter
WARNING: [VRFC 10-3609] overwriting previous definition of module 'counter' [D:/Summer_Practice_2024/SPI-Protocol/SPI_SLAVE/SPI_SLAVE.srcs/sources_1/new/SPI_Slave_Modules.v:5]
INFO: [VRFC 10-311] analyzing module shift_register
WARNING: [VRFC 10-3609] overwriting previous definition of module 'shift_register' [D:/Summer_Practice_2024/SPI-Protocol/SPI_SLAVE/SPI_SLAVE.srcs/sources_1/new/SPI_Slave_Modules.v:32]
INFO: [VRFC 10-311] analyzing module buffer
WARNING: [VRFC 10-3609] overwriting previous definition of module 'buffer' [D:/Summer_Practice_2024/SPI-Protocol/SPI_SLAVE/SPI_SLAVE.srcs/sources_1/new/SPI_Slave_Modules.v:56]
INFO: [VRFC 10-311] analyzing module fsm_slave
INFO: [VRFC 10-311] analyzing module freq_divider
WARNING: [VRFC 10-3609] overwriting previous definition of module 'freq_divider' [D:/Summer_Practice_2024/SPI-Protocol/SPI_SLAVE/SPI_SLAVE.srcs/sources_1/new/SPI_Slave_Modules.v:129]
INFO: [VRFC 10-2263] Analyzing Verilog file "D:/Summer_Practice_2024/SPI-Protocol/SPI/SPI.srcs/sources_1/new/tb_SPI.v" into library xil_defaultlib
INFO: [VRFC 10-311] analyzing module tb_SPI
INFO: [VRFC 10-2263] Analyzing Verilog file "D:/Summer_Practice_2024/SPI-Protocol/SPI/SPI.sim/sim_1/behav/xsim/glbl.v" into library xil_defaultlib
INFO: [VRFC 10-311] analyzing module glbl
