
*** Running vivado
    with args -log tb_spi_master.vds -m64 -product Vivado -mode batch -messageDb vivado.pb -notrace -source tb_spi_master.tcl



****** Vivado v2024.1 (64-bit)
  **** SW Build 5076996 on Wed May 22 18:37:14 MDT 2024
  **** IP Build 5075265 on Wed May 22 21:45:21 MDT 2024
  **** SharedData Build 5076995 on Wed May 22 18:29:18 MDT 2024
  **** Start of session at: Wed Jul 24 00:24:43 2024
    ** Copyright 1986-2022 Xilinx, Inc. All Rights Reserved.
    ** Copyright 2022-2024 Advanced Micro Devices, Inc. All Rights Reserved.

source tb_spi_master.tcl -notrace
create_project: Time (s): cpu = 00:00:10 ; elapsed = 00:00:11 . Memory (MB): peak = 514.914 ; gain = 197.855
Command: read_checkpoint -auto_incremental -incremental D:/Summer_Practice_2024/SPI_Project/SPI_V3/SPI_V3.srcs/utils_1/imports/synth_1/tb_spi_master.dcp
INFO: [Vivado 12-5825] Read reference checkpoint from D:/Summer_Practice_2024/SPI_Project/SPI_V3/SPI_V3.srcs/utils_1/imports/synth_1/tb_spi_master.dcp for incremental synthesis
INFO: [Vivado 12-7989] Please ensure there are no constraint changes
Command: synth_design -top tb_spi_master -part xc7a35tcpg236-1
Starting synth_design
Attempting to get a license for feature 'Synthesis' and/or device 'xc7a35t'
INFO: [Common 17-349] Got license for feature 'Synthesis' and/or device 'xc7a35t'
INFO: [Device 21-403] Loading part xc7a35tcpg236-1
INFO: [Device 21-9227] Part: xc7a35tcpg236-1 does not have CEAM library.
INFO: [Designutils 20-5440] No compile time benefit to using incremental synthesis; A full resynthesis will be run
INFO: [Designutils 20-4379] Flow is switching to default flow due to incremental criteria not met. If you would like to alter this behaviour and have the flow terminate instead, please set the following parameter config_implementation {autoIncr.Synth.RejectBehavior Terminate}
INFO: [Synth 8-7079] Multithreading enabled for synth_design using a maximum of 2 processes.
INFO: [Synth 8-7078] Launching helper process for spawning children vivado processes
INFO: [Synth 8-7075] Helper process launched with PID 11116
---------------------------------------------------------------------------------
Starting RTL Elaboration : Time (s): cpu = 00:00:08 ; elapsed = 00:00:08 . Memory (MB): peak = 1367.504 ; gain = 448.305
---------------------------------------------------------------------------------
INFO: [Synth 8-6157] synthesizing module 'tb_spi_master' [D:/Summer_Practice_2024/SPI_Project/SPI_V3/SPI_V3.srcs/sources_1/new/tb_spi_master.v:4]
WARNING: [Synth 8-11581] system task call 'finish' not supported [D:/Summer_Practice_2024/SPI_Project/SPI_V3/SPI_V3.srcs/sources_1/new/tb_spi_master.v:47]
INFO: [Synth 8-6157] synthesizing module 'SPI' [D:/Summer_Practice_2024/SPI_Project/SPI_V3/SPI_V3.srcs/sources_1/new/SPI.v:3]
INFO: [Synth 8-6157] synthesizing module 'SPI_master' [D:/Summer_Practice_2024/SPI_Project/SPI_V3/SPI_V3.srcs/sources_1/new/SPI_Master.v:3]
INFO: [Synth 8-6157] synthesizing module 'freq_divider_MUX' [D:/Summer_Practice_2024/SPI_Project/SPI_V3/SPI_V3.srcs/sources_1/new/SPI_Modules.v:5]
INFO: [Synth 8-226] default block is never used [D:/Summer_Practice_2024/SPI_Project/SPI_V3/SPI_V3.srcs/sources_1/new/SPI_Modules.v:15]
INFO: [Synth 8-6155] done synthesizing module 'freq_divider_MUX' (0#1) [D:/Summer_Practice_2024/SPI_Project/SPI_V3/SPI_V3.srcs/sources_1/new/SPI_Modules.v:5]
INFO: [Synth 8-6157] synthesizing module 'fsm_master' [D:/Summer_Practice_2024/SPI_Project/SPI_V3/SPI_V3.srcs/sources_1/new/SPI_Modules.v:87]
INFO: [Synth 8-226] default block is never used [D:/Summer_Practice_2024/SPI_Project/SPI_V3/SPI_V3.srcs/sources_1/new/SPI_Modules.v:119]
INFO: [Synth 8-6155] done synthesizing module 'fsm_master' (0#1) [D:/Summer_Practice_2024/SPI_Project/SPI_V3/SPI_V3.srcs/sources_1/new/SPI_Modules.v:87]
INFO: [Synth 8-6157] synthesizing module 'counter' [D:/Summer_Practice_2024/SPI_Project/SPI_V3/SPI_V3.srcs/sources_1/new/SPI_Modules.v:40]
INFO: [Synth 8-6155] done synthesizing module 'counter' (0#1) [D:/Summer_Practice_2024/SPI_Project/SPI_V3/SPI_V3.srcs/sources_1/new/SPI_Modules.v:40]
INFO: [Synth 8-6157] synthesizing module 'buffer' [D:/Summer_Practice_2024/SPI_Project/SPI_V3/SPI_V3.srcs/sources_1/new/SPI_Modules.v:79]
INFO: [Synth 8-6155] done synthesizing module 'buffer' (0#1) [D:/Summer_Practice_2024/SPI_Project/SPI_V3/SPI_V3.srcs/sources_1/new/SPI_Modules.v:79]
INFO: [Synth 8-6157] synthesizing module 'shift_register' [D:/Summer_Practice_2024/SPI_Project/SPI_V3/SPI_V3.srcs/sources_1/new/SPI_Modules.v:58]
INFO: [Synth 8-6155] done synthesizing module 'shift_register' (0#1) [D:/Summer_Practice_2024/SPI_Project/SPI_V3/SPI_V3.srcs/sources_1/new/SPI_Modules.v:58]
INFO: [Synth 8-6155] done synthesizing module 'SPI_master' (0#1) [D:/Summer_Practice_2024/SPI_Project/SPI_V3/SPI_V3.srcs/sources_1/new/SPI_Master.v:3]
INFO: [Synth 8-6157] synthesizing module 'SPI_slave' [D:/Summer_Practice_2024/SPI_Project/SPI_V3/SPI_V3.srcs/sources_1/new/SPI_Slave.v:4]
INFO: [Synth 8-6157] synthesizing module 'fsm_slave' [D:/Summer_Practice_2024/SPI_Project/SPI_V3/SPI_V3.srcs/sources_1/new/SPI_Modules.v:154]
INFO: [Synth 8-226] default block is never used [D:/Summer_Practice_2024/SPI_Project/SPI_V3/SPI_V3.srcs/sources_1/new/SPI_Modules.v:189]
INFO: [Synth 8-6155] done synthesizing module 'fsm_slave' (0#1) [D:/Summer_Practice_2024/SPI_Project/SPI_V3/SPI_V3.srcs/sources_1/new/SPI_Modules.v:154]
INFO: [Synth 8-6157] synthesizing module 'shift_register_pl' [D:/Summer_Practice_2024/SPI_Project/SPI_V3/SPI_V3.srcs/sources_1/new/SPI_Modules.v:238]
INFO: [Synth 8-6155] done synthesizing module 'shift_register_pl' (0#1) [D:/Summer_Practice_2024/SPI_Project/SPI_V3/SPI_V3.srcs/sources_1/new/SPI_Modules.v:238]
WARNING: [Synth 8-7071] port 'pl' of module 'shift_register_pl' is unconnected for instance 'shift_reg_instance' [D:/Summer_Practice_2024/SPI_Project/SPI_V3/SPI_V3.srcs/sources_1/new/SPI_Slave.v:44]
WARNING: [Synth 8-7023] instance 'shift_reg_instance' of module 'shift_register_pl' has 6 connections declared, but only 5 given [D:/Summer_Practice_2024/SPI_Project/SPI_V3/SPI_V3.srcs/sources_1/new/SPI_Slave.v:44]
INFO: [Synth 8-6155] done synthesizing module 'SPI_slave' (0#1) [D:/Summer_Practice_2024/SPI_Project/SPI_V3/SPI_V3.srcs/sources_1/new/SPI_Slave.v:4]
INFO: [Synth 8-6155] done synthesizing module 'SPI' (0#1) [D:/Summer_Practice_2024/SPI_Project/SPI_V3/SPI_V3.srcs/sources_1/new/SPI.v:3]
WARNING: [Synth 8-689] width (1) of port connection 'bit_cnt' does not match port width (3) of module 'SPI' [D:/Summer_Practice_2024/SPI_Project/SPI_V3/SPI_V3.srcs/sources_1/new/tb_spi_master.v:25]
WARNING: [Synth 8-85] always block has no event control specified [D:/Summer_Practice_2024/SPI_Project/SPI_V3/SPI_V3.srcs/sources_1/new/tb_spi_master.v:43]
INFO: [Synth 8-6155] done synthesizing module 'tb_spi_master' (0#1) [D:/Summer_Practice_2024/SPI_Project/SPI_V3/SPI_V3.srcs/sources_1/new/tb_spi_master.v:4]
WARNING: [Synth 8-3848] Net select in module/entity tb_spi_master does not have driver. [D:/Summer_Practice_2024/SPI_Project/SPI_V3/SPI_V3.srcs/sources_1/new/tb_spi_master.v:8]
---------------------------------------------------------------------------------
Finished RTL Elaboration : Time (s): cpu = 00:00:10 ; elapsed = 00:00:11 . Memory (MB): peak = 1477.148 ; gain = 557.949
---------------------------------------------------------------------------------
---------------------------------------------------------------------------------
Start Handling Custom Attributes
---------------------------------------------------------------------------------
---------------------------------------------------------------------------------
Finished Handling Custom Attributes : Time (s): cpu = 00:00:10 ; elapsed = 00:00:11 . Memory (MB): peak = 1477.148 ; gain = 557.949
---------------------------------------------------------------------------------
---------------------------------------------------------------------------------
Finished RTL Optimization Phase 1 : Time (s): cpu = 00:00:10 ; elapsed = 00:00:11 . Memory (MB): peak = 1477.148 ; gain = 557.949
---------------------------------------------------------------------------------
Netlist sorting complete. Time (s): cpu = 00:00:00 ; elapsed = 00:00:00.003 . Memory (MB): peak = 1477.148 ; gain = 0.000
INFO: [Project 1-570] Preparing netlist for logic optimization

Processing XDC Constraints
Initializing timing engine
Parsing XDC File [D:/Summer_Practice_2024/SPI_Project/Basys-3-Master.xdc]
WARNING: [Vivado 12-584] No ports matched 'clk'. [D:/Summer_Practice_2024/SPI_Project/Basys-3-Master.xdc:7]
CRITICAL WARNING: [Common 17-55] 'set_property' expects at least one object. [D:/Summer_Practice_2024/SPI_Project/Basys-3-Master.xdc:7]
Resolution: If [get_<value>] was used to populate the object, check to make sure this command returns at least one valid object.
WARNING: [Vivado 12-584] No ports matched 'clk'. [D:/Summer_Practice_2024/SPI_Project/Basys-3-Master.xdc:8]
CRITICAL WARNING: [Vivado 12-4739] create_clock:No valid object(s) found for '-objects [get_ports clk]'. [D:/Summer_Practice_2024/SPI_Project/Basys-3-Master.xdc:8]
Resolution: Check if the specified object(s) exists in the current design. If it does, ensure that the correct design hierarchy was specified for the object. If you are working with clocks, make sure create_clock was used to create the clock object before it is referenced.
WARNING: [Vivado 12-584] No ports matched 'slave_data_in[0]'. [D:/Summer_Practice_2024/SPI_Project/Basys-3-Master.xdc:12]
CRITICAL WARNING: [Common 17-55] 'set_property' expects at least one object. [D:/Summer_Practice_2024/SPI_Project/Basys-3-Master.xdc:12]
Resolution: If [get_<value>] was used to populate the object, check to make sure this command returns at least one valid object.
WARNING: [Vivado 12-584] No ports matched 'slave_data_in[1]'. [D:/Summer_Practice_2024/SPI_Project/Basys-3-Master.xdc:13]
CRITICAL WARNING: [Common 17-55] 'set_property' expects at least one object. [D:/Summer_Practice_2024/SPI_Project/Basys-3-Master.xdc:13]
Resolution: If [get_<value>] was used to populate the object, check to make sure this command returns at least one valid object.
WARNING: [Vivado 12-584] No ports matched 'slave_data_in[2]'. [D:/Summer_Practice_2024/SPI_Project/Basys-3-Master.xdc:14]
CRITICAL WARNING: [Common 17-55] 'set_property' expects at least one object. [D:/Summer_Practice_2024/SPI_Project/Basys-3-Master.xdc:14]
Resolution: If [get_<value>] was used to populate the object, check to make sure this command returns at least one valid object.
WARNING: [Vivado 12-584] No ports matched 'slave_data_in[3]'. [D:/Summer_Practice_2024/SPI_Project/Basys-3-Master.xdc:15]
CRITICAL WARNING: [Common 17-55] 'set_property' expects at least one object. [D:/Summer_Practice_2024/SPI_Project/Basys-3-Master.xdc:15]
Resolution: If [get_<value>] was used to populate the object, check to make sure this command returns at least one valid object.
WARNING: [Vivado 12-584] No ports matched 'slave_data_in[4]'. [D:/Summer_Practice_2024/SPI_Project/Basys-3-Master.xdc:16]
CRITICAL WARNING: [Common 17-55] 'set_property' expects at least one object. [D:/Summer_Practice_2024/SPI_Project/Basys-3-Master.xdc:16]
Resolution: If [get_<value>] was used to populate the object, check to make sure this command returns at least one valid object.
WARNING: [Vivado 12-584] No ports matched 'slave_data_in[5]'. [D:/Summer_Practice_2024/SPI_Project/Basys-3-Master.xdc:17]
CRITICAL WARNING: [Common 17-55] 'set_property' expects at least one object. [D:/Summer_Practice_2024/SPI_Project/Basys-3-Master.xdc:17]
Resolution: If [get_<value>] was used to populate the object, check to make sure this command returns at least one valid object.
WARNING: [Vivado 12-584] No ports matched 'slave_data_in[6]'. [D:/Summer_Practice_2024/SPI_Project/Basys-3-Master.xdc:18]
CRITICAL WARNING: [Common 17-55] 'set_property' expects at least one object. [D:/Summer_Practice_2024/SPI_Project/Basys-3-Master.xdc:18]
Resolution: If [get_<value>] was used to populate the object, check to make sure this command returns at least one valid object.
WARNING: [Vivado 12-584] No ports matched 'slave_data_in[7]'. [D:/Summer_Practice_2024/SPI_Project/Basys-3-Master.xdc:19]
CRITICAL WARNING: [Common 17-55] 'set_property' expects at least one object. [D:/Summer_Practice_2024/SPI_Project/Basys-3-Master.xdc:19]
Resolution: If [get_<value>] was used to populate the object, check to make sure this command returns at least one valid object.
WARNING: [Vivado 12-584] No ports matched 'select[0]'. [D:/Summer_Practice_2024/SPI_Project/Basys-3-Master.xdc:25]
CRITICAL WARNING: [Common 17-55] 'set_property' expects at least one object. [D:/Summer_Practice_2024/SPI_Project/Basys-3-Master.xdc:25]
Resolution: If [get_<value>] was used to populate the object, check to make sure this command returns at least one valid object.
WARNING: [Vivado 12-584] No ports matched 'select[1]'. [D:/Summer_Practice_2024/SPI_Project/Basys-3-Master.xdc:26]
CRITICAL WARNING: [Common 17-55] 'set_property' expects at least one object. [D:/Summer_Practice_2024/SPI_Project/Basys-3-Master.xdc:26]
Resolution: If [get_<value>] was used to populate the object, check to make sure this command returns at least one valid object.
WARNING: [Vivado 12-584] No ports matched 'select[2]'. [D:/Summer_Practice_2024/SPI_Project/Basys-3-Master.xdc:27]
CRITICAL WARNING: [Common 17-55] 'set_property' expects at least one object. [D:/Summer_Practice_2024/SPI_Project/Basys-3-Master.xdc:27]
Resolution: If [get_<value>] was used to populate the object, check to make sure this command returns at least one valid object.
WARNING: [Vivado 12-584] No ports matched 'master_data_out[0]'. [D:/Summer_Practice_2024/SPI_Project/Basys-3-Master.xdc:31]
CRITICAL WARNING: [Common 17-55] 'set_property' expects at least one object. [D:/Summer_Practice_2024/SPI_Project/Basys-3-Master.xdc:31]
Resolution: If [get_<value>] was used to populate the object, check to make sure this command returns at least one valid object.
WARNING: [Vivado 12-584] No ports matched 'master_data_out[1]'. [D:/Summer_Practice_2024/SPI_Project/Basys-3-Master.xdc:32]
CRITICAL WARNING: [Common 17-55] 'set_property' expects at least one object. [D:/Summer_Practice_2024/SPI_Project/Basys-3-Master.xdc:32]
Resolution: If [get_<value>] was used to populate the object, check to make sure this command returns at least one valid object.
WARNING: [Vivado 12-584] No ports matched 'master_data_out[2]'. [D:/Summer_Practice_2024/SPI_Project/Basys-3-Master.xdc:33]
CRITICAL WARNING: [Common 17-55] 'set_property' expects at least one object. [D:/Summer_Practice_2024/SPI_Project/Basys-3-Master.xdc:33]
Resolution: If [get_<value>] was used to populate the object, check to make sure this command returns at least one valid object.
WARNING: [Vivado 12-584] No ports matched 'master_data_out[3]'. [D:/Summer_Practice_2024/SPI_Project/Basys-3-Master.xdc:34]
CRITICAL WARNING: [Common 17-55] 'set_property' expects at least one object. [D:/Summer_Practice_2024/SPI_Project/Basys-3-Master.xdc:34]
Resolution: If [get_<value>] was used to populate the object, check to make sure this command returns at least one valid object.
WARNING: [Vivado 12-584] No ports matched 'master_data_out[4]'. [D:/Summer_Practice_2024/SPI_Project/Basys-3-Master.xdc:35]
CRITICAL WARNING: [Common 17-55] 'set_property' expects at least one object. [D:/Summer_Practice_2024/SPI_Project/Basys-3-Master.xdc:35]
Resolution: If [get_<value>] was used to populate the object, check to make sure this command returns at least one valid object.
WARNING: [Vivado 12-584] No ports matched 'master_data_out[5]'. [D:/Summer_Practice_2024/SPI_Project/Basys-3-Master.xdc:36]
CRITICAL WARNING: [Common 17-55] 'set_property' expects at least one object. [D:/Summer_Practice_2024/SPI_Project/Basys-3-Master.xdc:36]
Resolution: If [get_<value>] was used to populate the object, check to make sure this command returns at least one valid object.
WARNING: [Vivado 12-584] No ports matched 'master_data_out[6]'. [D:/Summer_Practice_2024/SPI_Project/Basys-3-Master.xdc:37]
CRITICAL WARNING: [Common 17-55] 'set_property' expects at least one object. [D:/Summer_Practice_2024/SPI_Project/Basys-3-Master.xdc:37]
Resolution: If [get_<value>] was used to populate the object, check to make sure this command returns at least one valid object.
WARNING: [Vivado 12-584] No ports matched 'master_data_out[7]'. [D:/Summer_Practice_2024/SPI_Project/Basys-3-Master.xdc:38]
CRITICAL WARNING: [Common 17-55] 'set_property' expects at least one object. [D:/Summer_Practice_2024/SPI_Project/Basys-3-Master.xdc:38]
Resolution: If [get_<value>] was used to populate the object, check to make sure this command returns at least one valid object.
WARNING: [Vivado 12-584] No ports matched 'bit_cnt[0]'. [D:/Summer_Practice_2024/SPI_Project/Basys-3-Master.xdc:43]
CRITICAL WARNING: [Common 17-55] 'set_property' expects at least one object. [D:/Summer_Practice_2024/SPI_Project/Basys-3-Master.xdc:43]
Resolution: If [get_<value>] was used to populate the object, check to make sure this command returns at least one valid object.
WARNING: [Vivado 12-584] No ports matched 'bit_cnt[1]'. [D:/Summer_Practice_2024/SPI_Project/Basys-3-Master.xdc:44]
CRITICAL WARNING: [Common 17-55] 'set_property' expects at least one object. [D:/Summer_Practice_2024/SPI_Project/Basys-3-Master.xdc:44]
Resolution: If [get_<value>] was used to populate the object, check to make sure this command returns at least one valid object.
WARNING: [Vivado 12-584] No ports matched 'bit_cnt[2]'. [D:/Summer_Practice_2024/SPI_Project/Basys-3-Master.xdc:45]
CRITICAL WARNING: [Common 17-55] 'set_property' expects at least one object. [D:/Summer_Practice_2024/SPI_Project/Basys-3-Master.xdc:45]
Resolution: If [get_<value>] was used to populate the object, check to make sure this command returns at least one valid object.
WARNING: [Vivado 12-584] No ports matched 'reset'. [D:/Summer_Practice_2024/SPI_Project/Basys-3-Master.xdc:67]
CRITICAL WARNING: [Common 17-55] 'set_property' expects at least one object. [D:/Summer_Practice_2024/SPI_Project/Basys-3-Master.xdc:67]
Resolution: If [get_<value>] was used to populate the object, check to make sure this command returns at least one valid object.
WARNING: [Vivado 12-584] No ports matched 'ready_state'. [D:/Summer_Practice_2024/SPI_Project/Basys-3-Master.xdc:68]
CRITICAL WARNING: [Common 17-55] 'set_property' expects at least one object. [D:/Summer_Practice_2024/SPI_Project/Basys-3-Master.xdc:68]
Resolution: If [get_<value>] was used to populate the object, check to make sure this command returns at least one valid object.
WARNING: [Vivado 12-584] No ports matched 'sclk'. [D:/Summer_Practice_2024/SPI_Project/Basys-3-Master.xdc:75]
CRITICAL WARNING: [Common 17-55] 'set_property' expects at least one object. [D:/Summer_Practice_2024/SPI_Project/Basys-3-Master.xdc:75]
Resolution: If [get_<value>] was used to populate the object, check to make sure this command returns at least one valid object.
WARNING: [Vivado 12-584] No ports matched 'mosi'. [D:/Summer_Practice_2024/SPI_Project/Basys-3-Master.xdc:76]
CRITICAL WARNING: [Common 17-55] 'set_property' expects at least one object. [D:/Summer_Practice_2024/SPI_Project/Basys-3-Master.xdc:76]
Resolution: If [get_<value>] was used to populate the object, check to make sure this command returns at least one valid object.
WARNING: [Vivado 12-584] No ports matched 'miso'. [D:/Summer_Practice_2024/SPI_Project/Basys-3-Master.xdc:77]
CRITICAL WARNING: [Common 17-55] 'set_property' expects at least one object. [D:/Summer_Practice_2024/SPI_Project/Basys-3-Master.xdc:77]
Resolution: If [get_<value>] was used to populate the object, check to make sure this command returns at least one valid object.
WARNING: [Vivado 12-584] No ports matched 'cs'. [D:/Summer_Practice_2024/SPI_Project/Basys-3-Master.xdc:78]
CRITICAL WARNING: [Common 17-55] 'set_property' expects at least one object. [D:/Summer_Practice_2024/SPI_Project/Basys-3-Master.xdc:78]
Resolution: If [get_<value>] was used to populate the object, check to make sure this command returns at least one valid object.
Finished Parsing XDC File [D:/Summer_Practice_2024/SPI_Project/Basys-3-Master.xdc]
Completed Processing XDC Constraints

Netlist sorting complete. Time (s): cpu = 00:00:00 ; elapsed = 00:00:00 . Memory (MB): peak = 1492.852 ; gain = 0.000
INFO: [Project 1-111] Unisim Transformation Summary:
No Unisim elements were transformed.

Constraint Validation Runtime : Time (s): cpu = 00:00:00 ; elapsed = 00:00:00.002 . Memory (MB): peak = 1492.852 ; gain = 0.000
INFO: [Designutils 20-5440] No compile time benefit to using incremental synthesis; A full resynthesis will be run
INFO: [Designutils 20-4379] Flow is switching to default flow due to incremental criteria not met. If you would like to alter this behaviour and have the flow terminate instead, please set the following parameter config_implementation {autoIncr.Synth.RejectBehavior Terminate}
---------------------------------------------------------------------------------
Finished Constraint Validation : Time (s): cpu = 00:00:22 ; elapsed = 00:00:23 . Memory (MB): peak = 1492.852 ; gain = 573.652
---------------------------------------------------------------------------------
---------------------------------------------------------------------------------
Start Loading Part and Timing Information
---------------------------------------------------------------------------------
Loading part: xc7a35tcpg236-1
---------------------------------------------------------------------------------
Finished Loading Part and Timing Information : Time (s): cpu = 00:00:22 ; elapsed = 00:00:23 . Memory (MB): peak = 1492.852 ; gain = 573.652
---------------------------------------------------------------------------------
---------------------------------------------------------------------------------
Start Applying 'set_property' XDC Constraints
---------------------------------------------------------------------------------
---------------------------------------------------------------------------------
Finished applying 'set_property' XDC Constraints : Time (s): cpu = 00:00:22 ; elapsed = 00:00:23 . Memory (MB): peak = 1492.852 ; gain = 573.652
---------------------------------------------------------------------------------
INFO: [Synth 8-802] inferred FSM for state register 'state_reg' in module 'fsm_master'
INFO: [Synth 8-802] inferred FSM for state register 'state_reg' in module 'fsm_slave'
---------------------------------------------------------------------------------------------------
                   State |                     New Encoding |                Previous Encoding 
---------------------------------------------------------------------------------------------------
                    IDLE |                               00 |                               00
                   START |                               01 |                               01
                TRANSFER |                               10 |                               10
                    DONE |                               11 |                               11
---------------------------------------------------------------------------------------------------
INFO: [Synth 8-3354] encoded FSM with state register 'state_reg' using encoding 'sequential' in module 'fsm_master'
---------------------------------------------------------------------------------------------------
                   State |                     New Encoding |                Previous Encoding 
---------------------------------------------------------------------------------------------------
                    IDLE |                               00 |                               00
                   START |                               01 |                               01
                TRANSFER |                               10 |                               10
                    DONE |                               11 |                               11
---------------------------------------------------------------------------------------------------
INFO: [Synth 8-3354] encoded FSM with state register 'state_reg' using encoding 'sequential' in module 'fsm_slave'
---------------------------------------------------------------------------------
Finished RTL Optimization Phase 2 : Time (s): cpu = 00:00:22 ; elapsed = 00:00:23 . Memory (MB): peak = 1492.852 ; gain = 573.652
---------------------------------------------------------------------------------
---------------------------------------------------------------------------------
Start RTL Component Statistics 
---------------------------------------------------------------------------------
Detailed RTL Component Info : 
+---Adders : 
	   2 Input   27 Bit       Adders := 1     
	   2 Input    3 Bit       Adders := 2     
+---Registers : 
	                8 Bit    Registers := 4     
	                3 Bit    Registers := 2     
	                1 Bit    Registers := 1     
+---Muxes : 
	   8 Input   27 Bit        Muxes := 1     
	   4 Input    8 Bit        Muxes := 1     
	   2 Input    8 Bit        Muxes := 1     
	   2 Input    3 Bit        Muxes := 2     
	   4 Input    2 Bit        Muxes := 2     
	   2 Input    2 Bit        Muxes := 4     
	   4 Input    1 Bit        Muxes := 3     
	   2 Input    1 Bit        Muxes := 1     
---------------------------------------------------------------------------------
Finished RTL Component Statistics 
---------------------------------------------------------------------------------
---------------------------------------------------------------------------------
Start Part Resource Summary
---------------------------------------------------------------------------------
Part Resources:
DSPs: 90 (col length:60)
BRAMs: 100 (col length: RAMB18 60 RAMB36 30)
---------------------------------------------------------------------------------
Finished Part Resource Summary
---------------------------------------------------------------------------------
---------------------------------------------------------------------------------
Start Cross Boundary and Area Optimization
---------------------------------------------------------------------------------
WARNING: [Synth 8-7080] Parallel synthesis criteria is not met
WARNING: [Synth 8-3332] Sequential element (spi/master/fsm_master_instance/FSM_sequential_state_reg[1]) is unused and will be removed from module tb_spi_master.
WARNING: [Synth 8-3332] Sequential element (spi/master/fsm_master_instance/FSM_sequential_state_reg[0]) is unused and will be removed from module tb_spi_master.
WARNING: [Synth 8-3332] Sequential element (spi/slave/fsm_slave_instance/FSM_sequential_state_reg[1]) is unused and will be removed from module tb_spi_master.
WARNING: [Synth 8-3332] Sequential element (spi/slave/fsm_slave_instance/FSM_sequential_state_reg[0]) is unused and will be removed from module tb_spi_master.
---------------------------------------------------------------------------------
Finished Cross Boundary and Area Optimization : Time (s): cpu = 00:00:25 ; elapsed = 00:00:26 . Memory (MB): peak = 1492.852 ; gain = 573.652
---------------------------------------------------------------------------------
---------------------------------------------------------------------------------
Start Applying XDC Timing Constraints
---------------------------------------------------------------------------------
---------------------------------------------------------------------------------
Finished Applying XDC Timing Constraints : Time (s): cpu = 00:00:34 ; elapsed = 00:00:35 . Memory (MB): peak = 1492.852 ; gain = 573.652
---------------------------------------------------------------------------------
---------------------------------------------------------------------------------
Start Timing Optimization
---------------------------------------------------------------------------------
---------------------------------------------------------------------------------
Finished Timing Optimization : Time (s): cpu = 00:00:34 ; elapsed = 00:00:35 . Memory (MB): peak = 1492.852 ; gain = 573.652
---------------------------------------------------------------------------------
---------------------------------------------------------------------------------
Start Technology Mapping
---------------------------------------------------------------------------------
---------------------------------------------------------------------------------
Finished Technology Mapping : Time (s): cpu = 00:00:34 ; elapsed = 00:00:35 . Memory (MB): peak = 1492.852 ; gain = 573.652
---------------------------------------------------------------------------------
---------------------------------------------------------------------------------
Start IO Insertion
---------------------------------------------------------------------------------
---------------------------------------------------------------------------------
Start Flattening Before IO Insertion
---------------------------------------------------------------------------------
---------------------------------------------------------------------------------
Finished Flattening Before IO Insertion
---------------------------------------------------------------------------------
---------------------------------------------------------------------------------
Start Final Netlist Cleanup
---------------------------------------------------------------------------------
---------------------------------------------------------------------------------
Finished Final Netlist Cleanup
---------------------------------------------------------------------------------

*** Running vivado
    with args -log SPI.vds -m64 -product Vivado -mode batch -messageDb vivado.pb -notrace -source SPI.tcl



****** Vivado v2024.1 (64-bit)
  **** SW Build 5076996 on Wed May 22 18:37:14 MDT 2024
  **** IP Build 5075265 on Wed May 22 21:45:21 MDT 2024
  **** SharedData Build 5076995 on Wed May 22 18:29:18 MDT 2024
  **** Start of session at: Wed Jul 24 00:26:04 2024
    ** Copyright 1986-2022 Xilinx, Inc. All Rights Reserved.
    ** Copyright 2022-2024 Advanced Micro Devices, Inc. All Rights Reserved.

source SPI.tcl -notrace
create_project: Time (s): cpu = 00:00:10 ; elapsed = 00:00:11 . Memory (MB): peak = 514.797 ; gain = 200.148
Command: read_checkpoint -auto_incremental -incremental D:/Summer_Practice_2024/SPI_Project/SPI_V3/SPI_V3.srcs/utils_1/imports/synth_1/tb_spi_master.dcp
INFO: [Vivado 12-5825] Read reference checkpoint from D:/Summer_Practice_2024/SPI_Project/SPI_V3/SPI_V3.srcs/utils_1/imports/synth_1/tb_spi_master.dcp for incremental synthesis
INFO: [Vivado 12-7989] Please ensure there are no constraint changes
Command: synth_design -top SPI -part xc7a35tcpg236-1
Starting synth_design
Attempting to get a license for feature 'Synthesis' and/or device 'xc7a35t'
INFO: [Common 17-349] Got license for feature 'Synthesis' and/or device 'xc7a35t'
INFO: [Device 21-403] Loading part xc7a35tcpg236-1
INFO: [Device 21-9227] Part: xc7a35tcpg236-1 does not have CEAM library.
INFO: [Synth 8-7079] Multithreading enabled for synth_design using a maximum of 2 processes.
INFO: [Synth 8-7078] Launching helper process for spawning children vivado processes
INFO: [Synth 8-7075] Helper process launched with PID 7312
---------------------------------------------------------------------------------
Starting RTL Elaboration : Time (s): cpu = 00:00:08 ; elapsed = 00:00:08 . Memory (MB): peak = 1366.641 ; gain = 447.438
---------------------------------------------------------------------------------
INFO: [Synth 8-6157] synthesizing module 'SPI' [D:/Summer_Practice_2024/SPI_Project/SPI_V3/SPI_V3.srcs/sources_1/new/SPI.v:3]
INFO: [Synth 8-6157] synthesizing module 'SPI_master' [D:/Summer_Practice_2024/SPI_Project/SPI_V3/SPI_V3.srcs/sources_1/new/SPI_Master.v:3]
INFO: [Synth 8-6157] synthesizing module 'freq_divider_MUX' [D:/Summer_Practice_2024/SPI_Project/SPI_V3/SPI_V3.srcs/sources_1/new/SPI_Modules.v:5]
INFO: [Synth 8-226] default block is never used [D:/Summer_Practice_2024/SPI_Project/SPI_V3/SPI_V3.srcs/sources_1/new/SPI_Modules.v:15]
INFO: [Synth 8-6155] done synthesizing module 'freq_divider_MUX' (0#1) [D:/Summer_Practice_2024/SPI_Project/SPI_V3/SPI_V3.srcs/sources_1/new/SPI_Modules.v:5]
INFO: [Synth 8-6157] synthesizing module 'fsm_master' [D:/Summer_Practice_2024/SPI_Project/SPI_V3/SPI_V3.srcs/sources_1/new/SPI_Modules.v:87]
INFO: [Synth 8-226] default block is never used [D:/Summer_Practice_2024/SPI_Project/SPI_V3/SPI_V3.srcs/sources_1/new/SPI_Modules.v:119]
INFO: [Synth 8-6155] done synthesizing module 'fsm_master' (0#1) [D:/Summer_Practice_2024/SPI_Project/SPI_V3/SPI_V3.srcs/sources_1/new/SPI_Modules.v:87]
INFO: [Synth 8-6157] synthesizing module 'counter' [D:/Summer_Practice_2024/SPI_Project/SPI_V3/SPI_V3.srcs/sources_1/new/SPI_Modules.v:40]
INFO: [Synth 8-6155] done synthesizing module 'counter' (0#1) [D:/Summer_Practice_2024/SPI_Project/SPI_V3/SPI_V3.srcs/sources_1/new/SPI_Modules.v:40]
INFO: [Synth 8-6157] synthesizing module 'buffer' [D:/Summer_Practice_2024/SPI_Project/SPI_V3/SPI_V3.srcs/sources_1/new/SPI_Modules.v:79]
INFO: [Synth 8-6155] done synthesizing module 'buffer' (0#1) [D:/Summer_Practice_2024/SPI_Project/SPI_V3/SPI_V3.srcs/sources_1/new/SPI_Modules.v:79]
INFO: [Synth 8-6157] synthesizing module 'shift_register' [D:/Summer_Practice_2024/SPI_Project/SPI_V3/SPI_V3.srcs/sources_1/new/SPI_Modules.v:58]
INFO: [Synth 8-6155] done synthesizing module 'shift_register' (0#1) [D:/Summer_Practice_2024/SPI_Project/SPI_V3/SPI_V3.srcs/sources_1/new/SPI_Modules.v:58]
INFO: [Synth 8-6155] done synthesizing module 'SPI_master' (0#1) [D:/Summer_Practice_2024/SPI_Project/SPI_V3/SPI_V3.srcs/sources_1/new/SPI_Master.v:3]
INFO: [Synth 8-6157] synthesizing module 'SPI_slave' [D:/Summer_Practice_2024/SPI_Project/SPI_V3/SPI_V3.srcs/sources_1/new/SPI_Slave.v:4]
INFO: [Synth 8-6157] synthesizing module 'fsm_slave' [D:/Summer_Practice_2024/SPI_Project/SPI_V3/SPI_V3.srcs/sources_1/new/SPI_Modules.v:154]
INFO: [Synth 8-226] default block is never used [D:/Summer_Practice_2024/SPI_Project/SPI_V3/SPI_V3.srcs/sources_1/new/SPI_Modules.v:189]
INFO: [Synth 8-6155] done synthesizing module 'fsm_slave' (0#1) [D:/Summer_Practice_2024/SPI_Project/SPI_V3/SPI_V3.srcs/sources_1/new/SPI_Modules.v:154]
INFO: [Synth 8-6157] synthesizing module 'shift_register_pl' [D:/Summer_Practice_2024/SPI_Project/SPI_V3/SPI_V3.srcs/sources_1/new/SPI_Modules.v:238]
INFO: [Synth 8-6155] done synthesizing module 'shift_register_pl' (0#1) [D:/Summer_Practice_2024/SPI_Project/SPI_V3/SPI_V3.srcs/sources_1/new/SPI_Modules.v:238]
WARNING: [Synth 8-7071] port 'pl' of module 'shift_register_pl' is unconnected for instance 'shift_reg_instance' [D:/Summer_Practice_2024/SPI_Project/SPI_V3/SPI_V3.srcs/sources_1/new/SPI_Slave.v:44]
WARNING: [Synth 8-7023] instance 'shift_reg_instance' of module 'shift_register_pl' has 6 connections declared, but only 5 given [D:/Summer_Practice_2024/SPI_Project/SPI_V3/SPI_V3.srcs/sources_1/new/SPI_Slave.v:44]
INFO: [Synth 8-6155] done synthesizing module 'SPI_slave' (0#1) [D:/Summer_Practice_2024/SPI_Project/SPI_V3/SPI_V3.srcs/sources_1/new/SPI_Slave.v:4]
INFO: [Synth 8-6155] done synthesizing module 'SPI' (0#1) [D:/Summer_Practice_2024/SPI_Project/SPI_V3/SPI_V3.srcs/sources_1/new/SPI.v:3]
---------------------------------------------------------------------------------
Finished RTL Elaboration : Time (s): cpu = 00:00:10 ; elapsed = 00:00:11 . Memory (MB): peak = 1476.051 ; gain = 556.848
---------------------------------------------------------------------------------
---------------------------------------------------------------------------------
Start Handling Custom Attributes
---------------------------------------------------------------------------------
---------------------------------------------------------------------------------
Finished Handling Custom Attributes : Time (s): cpu = 00:00:10 ; elapsed = 00:00:11 . Memory (MB): peak = 1476.051 ; gain = 556.848
---------------------------------------------------------------------------------
---------------------------------------------------------------------------------
Finished RTL Optimization Phase 1 : Time (s): cpu = 00:00:10 ; elapsed = 00:00:11 . Memory (MB): peak = 1476.051 ; gain = 556.848
---------------------------------------------------------------------------------
Netlist sorting complete. Time (s): cpu = 00:00:00 ; elapsed = 00:00:00.002 . Memory (MB): peak = 1476.051 ; gain = 0.000
INFO: [Project 1-570] Preparing netlist for logic optimization

Processing XDC Constraints
Initializing timing engine
Parsing XDC File [D:/Summer_Practice_2024/SPI_Project/Basys-3-Master.xdc]
WARNING: [Vivado 12-584] No ports matched 'sclk'. [D:/Summer_Practice_2024/SPI_Project/Basys-3-Master.xdc:75]
CRITICAL WARNING: [Common 17-55] 'set_property' expects at least one object. [D:/Summer_Practice_2024/SPI_Project/Basys-3-Master.xdc:75]
Resolution: If [get_<value>] was used to populate the object, check to make sure this command returns at least one valid object.
WARNING: [Vivado 12-584] No ports matched 'mosi'. [D:/Summer_Practice_2024/SPI_Project/Basys-3-Master.xdc:76]
CRITICAL WARNING: [Common 17-55] 'set_property' expects at least one object. [D:/Summer_Practice_2024/SPI_Project/Basys-3-Master.xdc:76]
Resolution: If [get_<value>] was used to populate the object, check to make sure this command returns at least one valid object.
WARNING: [Vivado 12-584] No ports matched 'miso'. [D:/Summer_Practice_2024/SPI_Project/Basys-3-Master.xdc:77]
CRITICAL WARNING: [Common 17-55] 'set_property' expects at least one object. [D:/Summer_Practice_2024/SPI_Project/Basys-3-Master.xdc:77]
Resolution: If [get_<value>] was used to populate the object, check to make sure this command returns at least one valid object.
WARNING: [Vivado 12-584] No ports matched 'cs'. [D:/Summer_Practice_2024/SPI_Project/Basys-3-Master.xdc:78]
CRITICAL WARNING: [Common 17-55] 'set_property' expects at least one object. [D:/Summer_Practice_2024/SPI_Project/Basys-3-Master.xdc:78]
Resolution: If [get_<value>] was used to populate the object, check to make sure this command returns at least one valid object.
Finished Parsing XDC File [D:/Summer_Practice_2024/SPI_Project/Basys-3-Master.xdc]
INFO: [Project 1-236] Implementation specific constraints were found while reading constraint file [D:/Summer_Practice_2024/SPI_Project/Basys-3-Master.xdc]. These constraints will be ignored for synthesis but will be used in implementation. Impacted constraints are listed in the file [.Xil/SPI_propImpl.xdc].
Resolution: To avoid this warning, move constraints listed in [.Xil/SPI_propImpl.xdc] to another XDC file and exclude this new file from synthesis with the used_in_synthesis property (File Properties dialog in GUI) and re-run elaboration/synthesis.
Completed Processing XDC Constraints

Netlist sorting complete. Time (s): cpu = 00:00:00 ; elapsed = 00:00:00 . Memory (MB): peak = 1523.398 ; gain = 0.000
INFO: [Project 1-111] Unisim Transformation Summary:
No Unisim elements were transformed.

Constraint Validation Runtime : Time (s): cpu = 00:00:00 ; elapsed = 00:00:00.002 . Memory (MB): peak = 1523.398 ; gain = 0.000
---------------------------------------------------------------------------------
Finished Constraint Validation : Time (s): cpu = 00:00:22 ; elapsed = 00:00:23 . Memory (MB): peak = 1523.398 ; gain = 604.195
---------------------------------------------------------------------------------
---------------------------------------------------------------------------------
Start Loading Part and Timing Information
---------------------------------------------------------------------------------
Loading part: xc7a35tcpg236-1
---------------------------------------------------------------------------------
Finished Loading Part and Timing Information : Time (s): cpu = 00:00:22 ; elapsed = 00:00:23 . Memory (MB): peak = 1523.398 ; gain = 604.195
---------------------------------------------------------------------------------
---------------------------------------------------------------------------------
Start Applying 'set_property' XDC Constraints
---------------------------------------------------------------------------------
---------------------------------------------------------------------------------
Finished applying 'set_property' XDC Constraints : Time (s): cpu = 00:00:22 ; elapsed = 00:00:23 . Memory (MB): peak = 1523.398 ; gain = 604.195
---------------------------------------------------------------------------------
---------------------------------------------------------------------------------
Start Preparing Guide Design
---------------------------------------------------------------------------------
CRITICAL WARNING: [Synth 8-6895] The reference checkpoint D:/Summer_Practice_2024/SPI_Project/SPI_V3/SPI_V3.srcs/utils_1/imports/synth_1/tb_spi_master.dcp is not suitable for use with incremental synthesis for this design. Please regenerate the checkpoint for this design with -incremental_synth switch in the same Vivado session that synth_design has been run. Synthesis will continue with the default flow
---------------------------------------------------------------------------------
Finished Doing Graph Differ : Time (s): cpu = 00:00:22 ; elapsed = 00:00:23 . Memory (MB): peak = 1523.398 ; gain = 604.195
---------------------------------------------------------------------------------
---------------------------------------------------------------------------------
Finished Preparing Guide Design : Time (s): cpu = 00:00:22 ; elapsed = 00:00:23 . Memory (MB): peak = 1523.398 ; gain = 604.195
---------------------------------------------------------------------------------
INFO: [Synth 8-802] inferred FSM for state register 'state_reg' in module 'fsm_master'
INFO: [Synth 8-802] inferred FSM for state register 'state_reg' in module 'fsm_slave'
---------------------------------------------------------------------------------------------------
                   State |                     New Encoding |                Previous Encoding 
---------------------------------------------------------------------------------------------------
                    IDLE |                               00 |                               00
                   START |                               01 |                               01
                TRANSFER |                               10 |                               10
                    DONE |                               11 |                               11
---------------------------------------------------------------------------------------------------
INFO: [Synth 8-3354] encoded FSM with state register 'state_reg' using encoding 'sequential' in module 'fsm_master'
---------------------------------------------------------------------------------------------------
                   State |                     New Encoding |                Previous Encoding 
---------------------------------------------------------------------------------------------------
                    IDLE |                               00 |                               00
                   START |                               01 |                               01
                TRANSFER |                               10 |                               10
                    DONE |                               11 |                               11
---------------------------------------------------------------------------------------------------
INFO: [Synth 8-3354] encoded FSM with state register 'state_reg' using encoding 'sequential' in module 'fsm_slave'
---------------------------------------------------------------------------------
Finished RTL Optimization Phase 2 : Time (s): cpu = 00:00:23 ; elapsed = 00:00:24 . Memory (MB): peak = 1523.398 ; gain = 604.195
---------------------------------------------------------------------------------


Incremental Synthesis Report Summary:

1. Incremental synthesis run: no

   Reason for not running incremental synthesis : 


INFO: [Synth 8-7130] Flow is switching to default flow due to incremental criteria not met. If you would like to alter this behaviour and have the flow terminate instead, please set the following parameter config_implementation {autoIncr.Synth.RejectBehavior Terminate}
---------------------------------------------------------------------------------
Start RTL Component Statistics 
---------------------------------------------------------------------------------
Detailed RTL Component Info : 
+---Adders : 
	   2 Input   27 Bit       Adders := 1     
	   2 Input    3 Bit       Adders := 2     
+---Registers : 
	                8 Bit    Registers := 4     
	                3 Bit    Registers := 2     
	                1 Bit    Registers := 1     
+---Muxes : 
	   8 Input   27 Bit        Muxes := 1     
	   4 Input    8 Bit        Muxes := 1     
	   2 Input    8 Bit        Muxes := 1     
	   2 Input    3 Bit        Muxes := 2     
	   4 Input    2 Bit        Muxes := 2     
	   2 Input    2 Bit        Muxes := 4     
	   4 Input    1 Bit        Muxes := 3     
	   2 Input    1 Bit        Muxes := 1     
---------------------------------------------------------------------------------
Finished RTL Component Statistics 
---------------------------------------------------------------------------------
---------------------------------------------------------------------------------
Start Part Resource Summary
---------------------------------------------------------------------------------
Part Resources:
DSPs: 90 (col length:60)
BRAMs: 100 (col length: RAMB18 60 RAMB36 30)
---------------------------------------------------------------------------------
Finished Part Resource Summary
---------------------------------------------------------------------------------
---------------------------------------------------------------------------------
Start Cross Boundary and Area Optimization
---------------------------------------------------------------------------------
WARNING: [Synth 8-7080] Parallel synthesis criteria is not met
---------------------------------------------------------------------------------
Finished Cross Boundary and Area Optimization : Time (s): cpu = 00:00:25 ; elapsed = 00:00:26 . Memory (MB): peak = 1523.398 ; gain = 604.195
---------------------------------------------------------------------------------
---------------------------------------------------------------------------------
Start Applying XDC Timing Constraints
---------------------------------------------------------------------------------
---------------------------------------------------------------------------------
Finished Applying XDC Timing Constraints : Time (s): cpu = 00:00:35 ; elapsed = 00:00:36 . Memory (MB): peak = 1523.398 ; gain = 604.195
---------------------------------------------------------------------------------
---------------------------------------------------------------------------------
Start Timing Optimization
---------------------------------------------------------------------------------
---------------------------------------------------------------------------------
Finished Timing Optimization : Time (s): cpu = 00:00:35 ; elapsed = 00:00:36 . Memory (MB): peak = 1523.398 ; gain = 604.195
---------------------------------------------------------------------------------
---------------------------------------------------------------------------------
Start Technology Mapping
---------------------------------------------------------------------------------
WARNING: [Synth 8-3332] Sequential element (slave/fsm_slave_instance/FSM_sequential_state_reg[1]) is unused and will be removed from module SPI.
WARNING: [Synth 8-3332] Sequential element (slave/fsm_slave_instance/FSM_sequential_state_reg[0]) is unused and will be removed from module SPI.
---------------------------------------------------------------------------------
Finished Technology Mapping : Time (s): cpu = 00:00:35 ; elapsed = 00:00:36 . Memory (MB): peak = 1523.398 ; gain = 604.195
---------------------------------------------------------------------------------
---------------------------------------------------------------------------------
Start IO Insertion
---------------------------------------------------------------------------------
---------------------------------------------------------------------------------
Start Flattening Before IO Insertion
---------------------------------------------------------------------------------
---------------------------------------------------------------------------------
Finished Flattening Before IO Insertion
---------------------------------------------------------------------------------
---------------------------------------------------------------------------------
Start Final Netlist Cleanup
---------------------------------------------------------------------------------
---------------------------------------------------------------------------------
Finished Final Netlist Cleanup
---------------------------------------------------------------------------------
---------------------------------------------------------------------------------
Finished IO Insertion : Time (s): cpu = 00:00:42 ; elapsed = 00:00:44 . Memory (MB): peak = 1523.398 ; gain = 604.195
---------------------------------------------------------------------------------
---------------------------------------------------------------------------------
Start Renaming Generated Instances
---------------------------------------------------------------------------------
---------------------------------------------------------------------------------
Finished Renaming Generated Instances : Time (s): cpu = 00:00:42 ; elapsed = 00:00:44 . Memory (MB): peak = 1523.398 ; gain = 604.195
---------------------------------------------------------------------------------
---------------------------------------------------------------------------------
Start Rebuilding User Hierarchy
---------------------------------------------------------------------------------
---------------------------------------------------------------------------------
Finished Rebuilding User Hierarchy : Time (s): cpu = 00:00:42 ; elapsed = 00:00:44 . Memory (MB): peak = 1523.398 ; gain = 604.195
---------------------------------------------------------------------------------
---------------------------------------------------------------------------------
Start Renaming Generated Ports
---------------------------------------------------------------------------------
---------------------------------------------------------------------------------
Finished Renaming Generated Ports : Time (s): cpu = 00:00:42 ; elapsed = 00:00:44 . Memory (MB): peak = 1523.398 ; gain = 604.195
---------------------------------------------------------------------------------
---------------------------------------------------------------------------------
Start Handling Custom Attributes
---------------------------------------------------------------------------------
---------------------------------------------------------------------------------
Finished Handling Custom Attributes : Time (s): cpu = 00:00:42 ; elapsed = 00:00:44 . Memory (MB): peak = 1523.398 ; gain = 604.195
---------------------------------------------------------------------------------
---------------------------------------------------------------------------------
Start Renaming Generated Nets
---------------------------------------------------------------------------------
---------------------------------------------------------------------------------
Finished Renaming Generated Nets : Time (s): cpu = 00:00:42 ; elapsed = 00:00:44 . Memory (MB): peak = 1523.398 ; gain = 604.195
---------------------------------------------------------------------------------
---------------------------------------------------------------------------------
Start Writing Synthesis Report
---------------------------------------------------------------------------------

Report BlackBoxes: 
+-+--------------+----------+
| |BlackBox name |Instances |
+-+--------------+----------+
+-+--------------+----------+

Report Cell Usage: 
+------+-------+------+
|      |Cell   |Count |
+------+-------+------+
|1     |BUFG   |     1|
|2     |CARRY4 |    25|
|3     |LUT1   |     1|
|4     |LUT2   |     6|
|5     |LUT3   |    23|
|6     |LUT4   |    27|
|7     |LUT5   |    19|
|8     |LUT6   |     1|
|9     |FDCE   |     2|
|10    |FDRE   |    32|
|11    |IBUF   |     6|
|12    |OBUF   |    11|
+------+-------+------+
---------------------------------------------------------------------------------
Finished Writing Synthesis Report : Time (s): cpu = 00:00:42 ; elapsed = 00:00:44 . Memory (MB): peak = 1523.398 ; gain = 604.195
---------------------------------------------------------------------------------
Synthesis finished with 0 errors, 1 critical warnings and 3 warnings.
Synthesis Optimization Runtime : Time (s): cpu = 00:00:30 ; elapsed = 00:00:41 . Memory (MB): peak = 1523.398 ; gain = 556.848
Synthesis Optimization Complete : Time (s): cpu = 00:00:43 ; elapsed = 00:00:44 . Memory (MB): peak = 1523.398 ; gain = 604.195
INFO: [Project 1-571] Translating synthesized netlist
Netlist sorting complete. Time (s): cpu = 00:00:00 ; elapsed = 00:00:00.003 . Memory (MB): peak = 1523.398 ; gain = 0.000
INFO: [Netlist 29-17] Analyzing 25 Unisim elements for replacement
INFO: [Netlist 29-28] Unisim Transformation completed in 0 CPU seconds
INFO: [Project 1-570] Preparing netlist for logic optimization
INFO: [Opt 31-138] Pushed 0 inverter(s) to 0 load pin(s).
Netlist sorting complete. Time (s): cpu = 00:00:00 ; elapsed = 00:00:00 . Memory (MB): peak = 1523.398 ; gain = 0.000
INFO: [Project 1-111] Unisim Transformation Summary:
No Unisim elements were transformed.

Synth Design complete | Checksum: 2c6f875f
INFO: [Common 17-83] Releasing license: Synthesis
46 Infos, 9 Warnings, 5 Critical Warnings and 0 Errors encountered.
synth_design completed successfully
synth_design: Time (s): cpu = 00:00:50 ; elapsed = 00:00:52 . Memory (MB): peak = 1523.398 ; gain = 1003.840
INFO: [runtcl-6] Synthesis results are not added to the cache due to CRITICAL_WARNING
Write ShapeDB Complete: Time (s): cpu = 00:00:00 ; elapsed = 00:00:00.002 . Memory (MB): peak = 1523.398 ; gain = 0.000
INFO: [Common 17-1381] The checkpoint 'D:/Summer_Practice_2024/SPI_Project/SPI_V3/SPI_V3.runs/synth_1/SPI.dcp' has been generated.
INFO: [Vivado 12-24828] Executing command : report_utilization -file SPI_utilization_synth.rpt -pb SPI_utilization_synth.pb
INFO: [Common 17-206] Exiting Vivado at Wed Jul 24 00:27:11 2024...
