Time resolution is 1 ps
Time = 0, sclk = x, mosi = x, cs = 1
Time = 5000, sclk = 1, mosi = x, cs = 1
Time = 15000, sclk = 0, mosi = x, cs = 1
Time = 25000, sclk = 1, mosi = x, cs = 1
Time = 35000, sclk = 0, mosi = x, cs = 1
Time = 45000, sclk = 1, mosi = x, cs = 1
Time = 55000, sclk = 0, mosi = x, cs = 1
Time = 65000, sclk = 1, mosi = x, cs = 1
Time = 75000, sclk = 0, mosi = x, cs = 1
Time = 85000, sclk = 1, mosi = x, cs = 1
Time = 95000, sclk = 0, mosi = x, cs = 1
Time = 105000, sclk = 1, mosi = x, cs = 1
Time = 115000, sclk = 0, mosi = x, cs = 1
Time = 125000, sclk = 1, mosi = x, cs = 1
Time = 135000, sclk = 0, mosi = x, cs = 1
Time = 145000, sclk = 1, mosi = x, cs = 1
Time = 155000, sclk = 0, mosi = x, cs = 1
Time = 165000, sclk = 1, mosi = x, cs = 1
Time = 175000, sclk = 0, mosi = x, cs = 1
Time = 185000, sclk = 1, mosi = x, cs = 1
Time = 195000, sclk = 0, mosi = x, cs = 1
Time = 200000, sclk = 0, mosi = x, cs = 0
Time = 205000, sclk = 1, mosi = x, cs = 0
Time = 215000, sclk = 0, mosi = x, cs = 0
Time = 225000, sclk = 1, mosi = 0, cs = 0
Time = 235000, sclk = 0, mosi = 0, cs = 0
Time = 245000, sclk = 1, mosi = 1, cs = 0
Time = 255000, sclk = 0, mosi = 1, cs = 0
Time = 265000, sclk = 1, mosi = 0, cs = 0
Time = 275000, sclk = 0, mosi = 0, cs = 0
Time = 285000, sclk = 1, mosi = 1, cs = 0
Time = 295000, sclk = 0, mosi = 1, cs = 0
Time = 305000, sclk = 1, mosi = 0, cs = 0
Time = 315000, sclk = 0, mosi = 0, cs = 0
Time = 325000, sclk = 1, mosi = 1, cs = 0
Time = 335000, sclk = 0, mosi = 1, cs = 0
Time = 345000, sclk = 1, mosi = 0, cs = 0
Time = 355000, sclk = 0, mosi = 0, cs = 0
Time = 365000, sclk = 1, mosi = 1, cs = 0
Time = 375000, sclk = 0, mosi = 1, cs = 0
Time = 385000, sclk = 1, mosi = 0, cs = 0
Time = 395000, sclk = 0, mosi = 0, cs = 0
Time = 405000, sclk = 1, mosi = 0, cs = 0
Time = 415000, sclk = 0, mosi = 0, cs = 0
Time = 425000, sclk = 1, mosi = 0, cs = 0
Time = 435000, sclk = 0, mosi = 0, cs = 0
Time = 445000, sclk = 1, mosi = 0, cs = 0
Time = 455000, sclk = 0, mosi = 0, cs = 0
Time = 465000, sclk = 1, mosi = 0, cs = 0
Time = 475000, sclk = 0, mosi = 0, cs = 0
Time = 485000, sclk = 1, mosi = 0, cs = 0
Time = 495000, sclk = 0, mosi = 0, cs = 0
Time = 505000, sclk = 1, mosi = 0, cs = 0
Time = 515000, sclk = 0, mosi = 0, cs = 0
Time = 525000, sclk = 1, mosi = 0, cs = 0
Time = 535000, sclk = 0, mosi = 0, cs = 0
Time = 545000, sclk = 1, mosi = 0, cs = 0
Time = 555000, sclk = 0, mosi = 0, cs = 0
Time = 565000, sclk = 1, mosi = 0, cs = 0
Time = 575000, sclk = 0, mosi = 0, cs = 0
Time = 585000, sclk = 1, mosi = 0, cs = 0
Time = 595000, sclk = 0, mosi = 0, cs = 0
Time = 605000, sclk = 1, mosi = 0, cs = 0
Time = 615000, sclk = 0, mosi = 0, cs = 0
Time = 625000, sclk = 1, mosi = 0, cs = 0
Time = 635000, sclk = 0, mosi = 0, cs = 0
Time = 645000, sclk = 1, mosi = 0, cs = 0
Time = 655000, sclk = 0, mosi = 0, cs = 0
Time = 665000, sclk = 1, mosi = 0, cs = 0
Time = 675000, sclk = 0, mosi = 0, cs = 0
Time = 685000, sclk = 1, mosi = 0, cs = 0
Time = 695000, sclk = 0, mosi = 0, cs = 0
Time = 705000, sclk = 1, mosi = 0, cs = 0
Time = 715000, sclk = 0, mosi = 0, cs = 0
Time = 725000, sclk = 1, mosi = 0, cs = 0
Time = 735000, sclk = 0, mosi = 0, cs = 0
Time = 745000, sclk = 1, mosi = 0, cs = 0
Time = 755000, sclk = 0, mosi = 0, cs = 0
Time = 765000, sclk = 1, mosi = 0, cs = 0
Time = 775000, sclk = 0, mosi = 0, cs = 0
Time = 785000, sclk = 1, mosi = 0, cs = 0
Time = 795000, sclk = 0, mosi = 0, cs = 0
Time = 805000, sclk = 1, mosi = 0, cs = 0
Time = 815000, sclk = 0, mosi = 0, cs = 0
Time = 825000, sclk = 1, mosi = 0, cs = 0
Time = 835000, sclk = 0, mosi = 0, cs = 0
Time = 845000, sclk = 1, mosi = 0, cs = 0
Time = 855000, sclk = 0, mosi = 0, cs = 0
Time = 865000, sclk = 1, mosi = 0, cs = 0
Time = 875000, sclk = 0, mosi = 0, cs = 0
Time = 885000, sclk = 1, mosi = 0, cs = 0
Time = 895000, sclk = 0, mosi = 0, cs = 0
Time = 905000, sclk = 1, mosi = 0, cs = 0
Time = 915000, sclk = 0, mosi = 0, cs = 0
Time = 925000, sclk = 1, mosi = 0, cs = 0
Time = 935000, sclk = 0, mosi = 0, cs = 0
Time = 945000, sclk = 1, mosi = 0, cs = 0
Time = 955000, sclk = 0, mosi = 0, cs = 0
Time = 965000, sclk = 1, mosi = 0, cs = 0
Time = 975000, sclk = 0, mosi = 0, cs = 0
Time = 985000, sclk = 1, mosi = 0, cs = 0
Time = 995000, sclk = 0, mosi = 0, cs = 0
$finish called at time : 1 us : File "D:/Summer_Practice_2024/SPI_Project/SPI_V2/SPI V2.srcs/sim_1/new/tb_spi_state.v" Line 41
